07-20 16:27:41 keyautoplacerevamp 326:Plugin executed with python version: '2.7.16 (default, Aug 15 2019, 17:51:40)  [GCC 9.2.0 64 bit (AMD64)]'
07-20 16:28:00 keyautoplacerevamp 341:User layout: {u'keys': [{u'profile': u'', u'textSize': [], u'color': u'#cccccc', u'labels': [u'E'], u'height': 0.9, u'y2': 0, u'nub': False, u'width2': 0.95, u'width': 0.95, u'decal': False, u'stepped': False, u'textColor': [], u'rotation_angle': 0, u'rotation_y': 0, u'rotation_x': 0, u'sb': u'', u'x2': 0, u'ghost': False, u'default': {u'textSize': 3, u'textColor': u'#000000'}, u'height2': 0.9, u'st': u'', u'sm': u'', u'y': 1, u'x': 2.85}, {u'profile': u'', u'textSize': [], u'color': u'#cccccc', u'labels': [u'W'], u'height': 0.9, u'y2': 0, u'nub': False, u'width2': 0.95, u'width': 0.95, u'decal': False, u'stepped': False, u'textColor': [], u'rotation_angle': 0, u'rotation_y': 0, u'rotation_x': 0, u'sb': u'', u'x2': 0, u'ghost': False, u'default': {u'textSize': 3, u'textColor': u'#000000'}, u'height2': 0.9, u'st': u'', u'sm': u'', u'y': 1.17, u'x': 1.9}, {u'profile': u'', u'textSize': [], u'color': u'#cccccc', u'labels': [u'R'], u'height': 0.9, u'y2': 0, u'nub': False, u'width2': 0.95, u'width': 0.95, u'decal': False, u'stepped': False, u'textColor': [], u'rotation_angle': 0, u'rotation_y': 0, u'rotation_x': 0, u'sb': u'', u'x2': 0, u'ghost': False, u'default': {u'textSize': 3, u'textColor': u'#000000'}, u'height2': 0.9, u'st': u'', u'sm': u'', u'y': 1.17, u'x': 3.8}, {u'profile': u'', u'textSize': [], u'color': u'#cccccc', u'labels': [u'T'], u'height': 0.9, u'y2': 0, u'nub': False, u'width2': 0.95, u'width': 0.95, u'decal': False, u'stepped': False, u'textColor': [], u'rotation_angle': 0, u'rotation_y': 0, u'rotation_x': 0, u'sb': u'', u'x2': 0, u'ghost': False, u'default': {u'textSize': 3, u'textColor': u'#000000'}, u'height2': 0.9, u'st': u'', u'sm': u'', u'y': 1.25, u'x': 4.75}, {u'profile': u'', u'textSize': [], u'color': u'#cccccc', u'labels': [u'Tab'], u'height': 0.9, u'y2': 0, u'nub': False, u'width2': 0.95, u'width': 0.95, u'decal': False, u'stepped': False, u'textColor': [], u'rotation_angle': 0, u'rotation_y': 0, u'rotation_x': 0, u'sb': u'', u'x2': 0, u'ghost': False, u'default': {u'textSize': 3, u'textColor': u'#000000'}, u'height2': 0.9, u'st': u'', u'sm': u'', u'y': 1.53, u'x': 0}, {u'profile': u'', u'textSize': [], u'color': u'#cccccc', u'labels': [u'Q'], u'height': 0.9, u'y2': 0, u'nub': False, u'width2': 0.95, u'width': 0.95, u'decal': False, u'stepped': False, u'textColor': [], u'rotation_angle': 0, u'rotation_y': 0, u'rotation_x': 0, u'sb': u'', u'x2': 0, u'ghost': False, u'default': {u'textSize': 3, u'textColor': u'#000000'}, u'height2': 0.9, u'st': u'', u'sm': u'', u'y': 1.53, u'x': 0.95}, {u'profile': u'', u'textSize': [], u'color': u'#cccccc', u'labels': [u'D'], u'height': 0.9, u'y2': 0, u'nub': False, u'width2': 0.95, u'width': 0.95, u'decal': False, u'stepped': False, u'textColor': [], u'rotation_angle': 0, u'rotation_y': 0, u'rotation_x': 0, u'sb': u'', u'x2': 0, u'ghost': False, u'default': {u'textSize': 3, u'textColor': u'#000000'}, u'height2': 0.9, u'st': u'', u'sm': u'', u'y': 1.9000000000000004, u'x': 2.85}, {u'profile': u'', u'textSize': [], u'color': u'#cccccc', u'labels': [u'S'], u'height': 0.9, u'y2': 0, u'nub': False, u'width2': 0.95, u'width': 0.95, u'decal': False, u'stepped': False, u'textColor': [], u'rotation_angle': 0, u'rotation_y': 0, u'rotation_x': 0, u'sb': u'', u'x2': 0, u'ghost': False, u'default': {u'textSize': 3, u'textColor': u'#000000'}, u'height2': 0.9, u'st': u'', u'sm': u'', u'y': 2.0700000000000003, u'x': 1.9}, {u'profile': u'', u'textSize': [], u'color': u'#cccccc', u'labels': [u'F'], u'height': 0.9, u'y2': 0, u'nub': False, u'width2': 0.95, u'width': 0.95, u'decal': False, u'stepped': False, u'textColor': [], u'rotation_angle': 0, u'rotation_y': 0, u'rotation_x': 0, u'sb': u'', u'x2': 0, u'ghost': False, u'default': {u'textSize': 3, u'textColor': u'#000000'}, u'height2': 0.9, u'st': u'', u'sm': u'', u'y': 2.0700000000000003, u'x': 3.8}, {u'profile': u'', u'textSize': [], u'color': u'#cccccc', u'labels': [u'G'], u'height': 0.9, u'y2': 0, u'nub': False, u'width2': 0.95, u'width': 0.95, u'decal': False, u'stepped': False, u'textColor': [], u'rotation_angle': 0, u'rotation_y': 0, u'rotation_x': 0, u'sb': u'', u'x2': 0, u'ghost': False, u'default': {u'textSize': 3, u'textColor': u'#000000'}, u'height2': 0.9, u'st': u'', u'sm': u'', u'y': 2.1500000000000004, u'x': 4.75}, {u'profile': u'', u'textSize': [], u'color': u'#cccccc', u'labels': [u'Esc'], u'height': 0.9, u'y2': 0, u'nub': False, u'width2': 0.95, u'width': 0.95, u'decal': False, u'stepped': False, u'textColor': [], u'rotation_angle': 0, u'rotation_y': 0, u'rotation_x': 0, u'sb': u'', u'x2': 0, u'ghost': False, u'default': {u'textSize': 3, u'textColor': u'#000000'}, u'height2': 0.9, u'st': u'', u'sm': u'', u'y': 2.4300000000000006, u'x': 0}, {u'profile': u'', u'textSize': [], u'color': u'#cccccc', u'labels': [u'A'], u'height': 0.9, u'y2': 0, u'nub': False, u'width2': 0.95, u'width': 0.95, u'decal': False, u'stepped': False, u'textColor': [], u'rotation_angle': 0, u'rotation_y': 0, u'rotation_x': 0, u'sb': u'', u'x2': 0, u'ghost': False, u'default': {u'textSize': 3, u'textColor': u'#000000'}, u'height2': 0.9, u'st': u'', u'sm': u'', u'y': 2.4300000000000006, u'x': 0.95}, {u'profile': u'', u'textSize': [], u'color': u'#cccccc', u'labels': [u'C'], u'height': 0.9, u'y2': 0, u'nub': False, u'width2': 0.95, u'width': 0.95, u'decal': False, u'stepped': False, u'textColor': [], u'rotation_angle': 0, u'rotation_y': 0, u'rotation_x': 0, u'sb': u'', u'x2': 0, u'ghost': False, u'default': {u'textSize': 3, u'textColor': u'#000000'}, u'height2': 0.9, u'st': u'', u'sm': u'', u'y': 2.8000000000000007, u'x': 2.85}, {u'profile': u'', u'textSize': [], u'color': u'#cccccc', u'labels': [u'X'], u'height': 0.9, u'y2': 0, u'nub': False, u'width2': 0.95, u'width': 0.95, u'decal': False, u'stepped': False, u'textColor': [], u'rotation_angle': 0, u'rotation_y': 0, u'rotation_x': 0, u'sb': u'', u'x2': 0, u'ghost': False, u'default': {u'textSize': 3, u'textColor': u'#000000'}, u'height2': 0.9, u'st': u'', u'sm': u'', u'y': 2.9700000000000006, u'x': 1.9}, {u'profile': u'', u'textSize': [], u'color': u'#cccccc', u'labels': [u'V'], u'height': 0.9, u'y2': 0, u'nub': False, u'width2': 0.95, u'width': 0.95, u'decal': False, u'stepped': False, u'textColor': [], u'rotation_angle': 0, u'rotation_y': 0, u'rotation_x': 0, u'sb': u'', u'x2': 0, u'ghost': False, u'default': {u'textSize': 3, u'textColor': u'#000000'}, u'height2': 0.9, u'st': u'', u'sm': u'', u'y': 2.9700000000000006, u'x': 3.8}, {u'profile': u'', u'textSize': [], u'color': u'#cccccc', u'labels': [u'B'], u'height': 0.9, u'y2': 0, u'nub': False, u'width2': 0.95, u'width': 0.95, u'decal': False, u'stepped': False, u'textColor': [], u'rotation_angle': 0, u'rotation_y': 0, u'rotation_x': 0, u'sb': u'', u'x2': 0, u'ghost': False, u'default': {u'textSize': 3, u'textColor': u'#000000'}, u'height2': 0.9, u'st': u'', u'sm': u'', u'y': 3.0500000000000007, u'x': 4.75}, {u'profile': u'', u'textSize': [], u'color': u'#cccccc', u'labels': [u'Shift'], u'height': 0.9, u'y2': 0, u'nub': False, u'width2': 0.95, u'width': 0.95, u'decal': False, u'stepped': False, u'textColor': [], u'rotation_angle': 0, u'rotation_y': 0, u'rotation_x': 0, u'sb': u'', u'x2': 0, u'ghost': False, u'default': {u'textSize': 3, u'textColor': u'#000000'}, u'height2': 0.9, u'st': u'', u'sm': u'', u'y': 3.330000000000001, u'x': 0}, {u'profile': u'', u'textSize': [], u'color': u'#cccccc', u'labels': [u'Z'], u'height': 0.9, u'y2': 0, u'nub': False, u'width2': 0.95, u'width': 0.95, u'decal': False, u'stepped': False, u'textColor': [], u'rotation_angle': 0, u'rotation_y': 0, u'rotation_x': 0, u'sb': u'', u'x2': 0, u'ghost': False, u'default': {u'textSize': 3, u'textColor': u'#000000'}, u'height2': 0.9, u'st': u'', u'sm': u'', u'y': 3.330000000000001, u'x': 0.95}, {u'profile': u'', u'textSize': [], u'color': u'#cccccc', u'labels': [], u'height': 0.9, u'y2': 0, u'nub': False, u'width2': 0.95, u'width': 0.95, u'decal': False, u'stepped': False, u'textColor': [], u'rotation_angle': 0, u'rotation_y': 4.35, u'rotation_x': 4.5, u'sb': u'', u'x2': 0, u'ghost': False, u'default': {u'textSize': 3, u'textColor': u'#000000'}, u'height2': 0.9, u'st': u'', u'sm': u'', u'y': 4.05, u'x': 4.75}, {u'profile': u'', u'textSize': [], u'color': u'#cccccc', u'labels': [], u'height': 0.9, u'y2': 0, u'nub': False, u'width2': 0.95, u'width': 0.95, u'decal': False, u'stepped': False, u'textColor': [], u'rotation_angle': 3, u'rotation_y': 4.05, u'rotation_x': 6.25, u'sb': u'', u'x2': 0, u'ghost': False, u'default': {u'textSize': 3, u'textColor': u'#000000'}, u'height2': 0.9, u'st': u'', u'sm': u'', u'y': 4.2, u'x': 5.74}, {u'profile': u'', u'textSize': [], u'color': u'#cccccc', u'labels': [], u'height': 0.9, u'y2': 0, u'nub': False, u'width2': 0.95, u'width': 0.95, u'decal': False, u'stepped': False, u'textColor': [], u'rotation_angle': -6, u'rotation_y': 4.35, u'rotation_x': 4.5, u'sb': u'', u'x2': 0, u'ghost': False, u'default': {u'textSize': 3, u'textColor': u'#000000'}, u'height2': 0.9, u'st': u'', u'sm': u'', u'y': 3.8, u'x': 2.8200000000000003}, {u'profile': u'', u'textSize': [], u'color': u'#cccccc', u'labels': [], u'height': 0.9, u'y2': 0, u'nub': False, u'width2': 0.95, u'width': 0.95, u'decal': False, u'stepped': False, u'textColor': [], u'rotation_angle': -3, u'rotation_y': 4.05, u'rotation_x': 6.25, u'sb': u'', u'x2': 0, u'ghost': False, u'default': {u'textSize': 3, u'textColor': u'#000000'}, u'height2': 0.9, u'st': u'', u'sm': u'', u'y': 3.84, u'x': 3.77}], u'meta': {u'switchBrand': u'', u'switchType': u'', u'name': u'', u'author': u'', u'notes': u'', u'radii': u'', u'background': None, u'backcolor': u'#eeeeee', u'switchMount': u''}}
07-20 16:28:00 keyautoplacerevamp 356:User annotations: ['E1', 'W1', 'R1', 'T1', 'TAB1', 'Q1', 'D1', 'S1', 'F1', 'G1', 'CAPS1', 'A1', 'C1', 'X1', 'V1', 'B1', 'SHIFT1', 'Z1', 'INNER1', 'THUMB1', 'THUMB2', 'OUTER1']
07-20 16:28:00 keyautoplacerevamp 25:Searching for K_E1 module
07-20 16:28:00 keyautoplacerevamp 57:Setting K_E1 module position: (93341250, 27622500)
07-20 16:28:00 keyautoplacerevamp 25:Searching for D_E1 module
07-20 16:28:00 keyautoplacerevamp 57:Setting D_E1 module position: (93341250, 22572500)
07-20 16:28:00 keyautoplacerevamp 132:Rotated key module to 0
07-20 16:28:00 keyautoplacerevamp 136:Rotated diode module to 0
07-20 16:28:00 keyautoplacerevamp 25:Searching for K_W1 module
07-20 16:28:00 keyautoplacerevamp 57:Setting K_W1 module position: (75243750, 30861000)
07-20 16:28:00 keyautoplacerevamp 25:Searching for D_W1 module
07-20 16:28:00 keyautoplacerevamp 57:Setting D_W1 module position: (75243750, 25811000)
07-20 16:28:00 keyautoplacerevamp 132:Rotated key module to 0
07-20 16:28:00 keyautoplacerevamp 136:Rotated diode module to 0
07-20 16:28:00 keyautoplacerevamp 25:Searching for K_R1 module
07-20 16:28:00 keyautoplacerevamp 57:Setting K_R1 module position: (111438750, 30861000)
07-20 16:28:00 keyautoplacerevamp 25:Searching for D_R1 module
07-20 16:28:00 keyautoplacerevamp 57:Setting D_R1 module position: (111438750, 25811000)
07-20 16:28:00 keyautoplacerevamp 132:Rotated key module to 0
07-20 16:28:00 keyautoplacerevamp 136:Rotated diode module to 0
07-20 16:28:00 keyautoplacerevamp 25:Searching for K_T1 module
07-20 16:28:00 keyautoplacerevamp 57:Setting K_T1 module position: (129536250, 32385000)
07-20 16:28:00 keyautoplacerevamp 25:Searching for D_T1 module
07-20 16:28:00 keyautoplacerevamp 57:Setting D_T1 module position: (129536250, 27335000)
07-20 16:28:00 keyautoplacerevamp 132:Rotated key module to 0
07-20 16:28:00 keyautoplacerevamp 136:Rotated diode module to 0
07-20 16:28:00 keyautoplacerevamp 25:Searching for K_TAB1 module
07-20 16:28:00 keyautoplacerevamp 57:Setting K_TAB1 module position: (39048750, 37719000)
07-20 16:28:00 keyautoplacerevamp 25:Searching for D_TAB1 module
07-20 16:28:00 keyautoplacerevamp 57:Setting D_TAB1 module position: (39048750, 32669000)
07-20 16:28:00 keyautoplacerevamp 132:Rotated key module to 0
07-20 16:28:00 keyautoplacerevamp 136:Rotated diode module to 0
07-20 16:28:00 keyautoplacerevamp 25:Searching for K_Q1 module
07-20 16:28:00 keyautoplacerevamp 57:Setting K_Q1 module position: (57146250, 37719000)
07-20 16:28:00 keyautoplacerevamp 25:Searching for D_Q1 module
07-20 16:28:00 keyautoplacerevamp 57:Setting D_Q1 module position: (57146250, 32669000)
07-20 16:28:00 keyautoplacerevamp 132:Rotated key module to 0
07-20 16:28:00 keyautoplacerevamp 136:Rotated diode module to 0
07-20 16:28:00 keyautoplacerevamp 25:Searching for K_D1 module
07-20 16:28:00 keyautoplacerevamp 57:Setting K_D1 module position: (93341250, 44767500)
07-20 16:28:00 keyautoplacerevamp 25:Searching for D_D1 module
07-20 16:28:00 keyautoplacerevamp 57:Setting D_D1 module position: (93341250, 39717500)
07-20 16:28:00 keyautoplacerevamp 132:Rotated key module to 0
07-20 16:28:00 keyautoplacerevamp 136:Rotated diode module to 0
07-20 16:28:00 keyautoplacerevamp 25:Searching for K_S1 module
07-20 16:28:00 keyautoplacerevamp 57:Setting K_S1 module position: (75243750, 48006000)
07-20 16:28:00 keyautoplacerevamp 25:Searching for D_S1 module
07-20 16:28:00 keyautoplacerevamp 57:Setting D_S1 module position: (75243750, 42956000)
07-20 16:28:00 keyautoplacerevamp 132:Rotated key module to 0
07-20 16:28:00 keyautoplacerevamp 136:Rotated diode module to 0
07-20 16:28:00 keyautoplacerevamp 25:Searching for K_F1 module
07-20 16:28:00 keyautoplacerevamp 57:Setting K_F1 module position: (111438750, 48006000)
07-20 16:28:00 keyautoplacerevamp 25:Searching for D_F1 module
07-20 16:28:00 keyautoplacerevamp 57:Setting D_F1 module position: (111438750, 42956000)
07-20 16:28:00 keyautoplacerevamp 132:Rotated key module to 0
07-20 16:28:00 keyautoplacerevamp 136:Rotated diode module to 0
07-20 16:28:00 keyautoplacerevamp 25:Searching for K_G1 module
07-20 16:28:00 keyautoplacerevamp 57:Setting K_G1 module position: (129536250, 49530000)
07-20 16:28:00 keyautoplacerevamp 25:Searching for D_G1 module
07-20 16:28:00 keyautoplacerevamp 57:Setting D_G1 module position: (129536250, 44480000)
07-20 16:28:00 keyautoplacerevamp 132:Rotated key module to 0
07-20 16:28:00 keyautoplacerevamp 136:Rotated diode module to 0
07-20 16:28:00 keyautoplacerevamp 25:Searching for K_CAPS1 module
07-20 16:28:00 keyautoplacerevamp 57:Setting K_CAPS1 module position: (39048750, 54864000)
07-20 16:28:00 keyautoplacerevamp 25:Searching for D_CAPS1 module
07-20 16:28:00 keyautoplacerevamp 57:Setting D_CAPS1 module position: (39048750, 49814000)
07-20 16:28:00 keyautoplacerevamp 132:Rotated key module to 0
07-20 16:28:00 keyautoplacerevamp 136:Rotated diode module to 0
07-20 16:28:00 keyautoplacerevamp 25:Searching for K_A1 module
07-20 16:28:00 keyautoplacerevamp 57:Setting K_A1 module position: (57146250, 54864000)
07-20 16:28:00 keyautoplacerevamp 25:Searching for D_A1 module
07-20 16:28:00 keyautoplacerevamp 57:Setting D_A1 module position: (57146250, 49814000)
07-20 16:28:00 keyautoplacerevamp 132:Rotated key module to 0
07-20 16:28:00 keyautoplacerevamp 136:Rotated diode module to 0
07-20 16:28:00 keyautoplacerevamp 25:Searching for K_C1 module
07-20 16:28:00 keyautoplacerevamp 57:Setting K_C1 module position: (93341250, 61912500)
07-20 16:28:00 keyautoplacerevamp 25:Searching for D_C1 module
07-20 16:28:00 keyautoplacerevamp 57:Setting D_C1 module position: (93341250, 56862500)
07-20 16:28:00 keyautoplacerevamp 132:Rotated key module to 0
07-20 16:28:00 keyautoplacerevamp 136:Rotated diode module to 0
07-20 16:28:00 keyautoplacerevamp 25:Searching for K_X1 module
07-20 16:28:00 keyautoplacerevamp 57:Setting K_X1 module position: (75243750, 65151000)
07-20 16:28:00 keyautoplacerevamp 25:Searching for D_X1 module
07-20 16:28:00 keyautoplacerevamp 57:Setting D_X1 module position: (75243750, 60101000)
07-20 16:28:00 keyautoplacerevamp 132:Rotated key module to 0
07-20 16:28:00 keyautoplacerevamp 136:Rotated diode module to 0
07-20 16:28:00 keyautoplacerevamp 25:Searching for K_V1 module
07-20 16:28:00 keyautoplacerevamp 57:Setting K_V1 module position: (111438750, 65151000)
07-20 16:28:00 keyautoplacerevamp 25:Searching for D_V1 module
07-20 16:28:00 keyautoplacerevamp 57:Setting D_V1 module position: (111438750, 60101000)
07-20 16:28:00 keyautoplacerevamp 132:Rotated key module to 0
07-20 16:28:00 keyautoplacerevamp 136:Rotated diode module to 0
07-20 16:28:00 keyautoplacerevamp 25:Searching for K_B1 module
07-20 16:28:00 keyautoplacerevamp 57:Setting K_B1 module position: (129536250, 66675000)
07-20 16:28:00 keyautoplacerevamp 25:Searching for D_B1 module
07-20 16:28:00 keyautoplacerevamp 57:Setting D_B1 module position: (129536250, 61625000)
07-20 16:28:00 keyautoplacerevamp 132:Rotated key module to 0
07-20 16:28:00 keyautoplacerevamp 136:Rotated diode module to 0
07-20 16:28:00 keyautoplacerevamp 25:Searching for K_SHIFT1 module
07-20 16:28:00 keyautoplacerevamp 57:Setting K_SHIFT1 module position: (39048750, 72009000)
07-20 16:28:00 keyautoplacerevamp 25:Searching for D_SHIFT1 module
07-20 16:28:00 keyautoplacerevamp 57:Setting D_SHIFT1 module position: (39048750, 66959000)
07-20 16:28:00 keyautoplacerevamp 132:Rotated key module to 0
07-20 16:28:00 keyautoplacerevamp 136:Rotated diode module to 0
07-20 16:28:00 keyautoplacerevamp 25:Searching for K_Z1 module
07-20 16:28:00 keyautoplacerevamp 57:Setting K_Z1 module position: (57146250, 72009000)
07-20 16:28:00 keyautoplacerevamp 25:Searching for D_Z1 module
07-20 16:28:00 keyautoplacerevamp 57:Setting D_Z1 module position: (57146250, 66959000)
07-20 16:28:00 keyautoplacerevamp 132:Rotated key module to 0
07-20 16:28:00 keyautoplacerevamp 136:Rotated diode module to 0
07-20 16:28:00 keyautoplacerevamp 25:Searching for K_INNER1 module
07-20 16:28:00 keyautoplacerevamp 57:Setting K_INNER1 module position: (129536250, 85725000)
07-20 16:28:00 keyautoplacerevamp 25:Searching for D_INNER1 module
07-20 16:28:00 keyautoplacerevamp 57:Setting D_INNER1 module position: (129536250, 80675000)
07-20 16:28:00 keyautoplacerevamp 132:Rotated key module to 0
07-20 16:28:00 keyautoplacerevamp 136:Rotated diode module to 0
07-20 16:28:00 keyautoplacerevamp 25:Searching for K_THUMB1 module
07-20 16:28:00 keyautoplacerevamp 57:Setting K_THUMB1 module position: (148395750, 88582500)
07-20 16:28:00 keyautoplacerevamp 25:Searching for D_THUMB1 module
07-20 16:28:00 keyautoplacerevamp 57:Setting D_THUMB1 module position: (148395750, 83532500)
07-20 16:28:00 keyautoplacerevamp 132:Rotated key module to -30
07-20 16:28:00 keyautoplacerevamp 136:Rotated diode module to -30
07-20 16:28:00 keyautoplacerevamp 25:Searching for K_THUMB2 module
07-20 16:28:00 keyautoplacerevamp 57:Setting K_THUMB2 module position: (92769750, 80962500)
07-20 16:28:00 keyautoplacerevamp 25:Searching for D_THUMB2 module
07-20 16:28:00 keyautoplacerevamp 57:Setting D_THUMB2 module position: (92769750, 75912500)
07-20 16:28:00 keyautoplacerevamp 132:Rotated key module to 60
07-20 16:28:00 keyautoplacerevamp 136:Rotated diode module to 60
07-20 16:28:00 keyautoplacerevamp 25:Searching for K_OUTER1 module
07-20 16:28:00 keyautoplacerevamp 57:Setting K_OUTER1 module position: (110867250, 81724500)
07-20 16:28:00 keyautoplacerevamp 25:Searching for D_OUTER1 module
07-20 16:28:00 keyautoplacerevamp 57:Setting D_OUTER1 module position: (110867250, 76674500)
07-20 16:28:00 keyautoplacerevamp 132:Rotated key module to 30
07-20 16:28:00 keyautoplacerevamp 136:Rotated diode module to 30
